<?xml version="1.0" encoding="UTF-8"?>
<!-- Generated by org.testng.reporters.JUnitReportReporter -->
<testsuite hostname="LAPTOP-Q2STVJ3V" failures="0" tests="1" name="testcase.LibertyWebPage" time="11.961" errors="0" timestamp="2020-05-03T13:27:37 IST" skipped="0">
  <testcase classname="testcase.LibertyWebPage" name="setUp" time="11.961"/>
  <system-out/>
</testsuite> <!-- testcase.LibertyWebPage -->
