<?xml version="1.0" encoding="UTF-8"?>
<!-- Generated by org.testng.reporters.JUnitReportReporter -->
<testsuite hostname="LAPTOP-Q2STVJ3V" failures="0" tests="1" name="testcase.LibertyWebPage" time="18.037" errors="0" timestamp="2020-04-19T20:02:36 IST" skipped="0">
  <testcase classname="testcase.LibertyWebPage" name="execute" time="18.037"/>
  <system-out/>
</testsuite> <!-- testcase.LibertyWebPage -->
