<?xml version="1.0" encoding="UTF-8"?>
<!-- Generated by org.testng.reporters.JUnitReportReporter -->
<testsuite hostname="LAPTOP-Q2STVJ3V" failures="0" tests="1" name="testcase.LibertyWebPage" time="7.754" errors="0" timestamp="2020-04-19T23:06:54 IST" skipped="0">
  <testcase classname="testcase.LibertyWebPage" name="testBrowser" time="7.754"/>
  <system-out/>
</testsuite> <!-- testcase.LibertyWebPage -->
