<?xml version="1.0" encoding="UTF-8"?>
<!-- Generated by org.testng.reporters.JUnitReportReporter -->
<testsuite hostname="LAPTOP-Q2STVJ3V" failures="0" tests="1" name="testcase.LibertyWebPage" time="7.439" errors="0" timestamp="2020-04-23T23:17:03 IST" skipped="0">
  <testcase classname="testcase.LibertyWebPage" name="setUp" time="7.439"/>
  <system-out/>
</testsuite> <!-- testcase.LibertyWebPage -->
