<?xml version="1.0" encoding="UTF-8"?>
<!-- Generated by org.testng.reporters.JUnitReportReporter -->
<testsuite hostname="LAPTOP-Q2STVJ3V" failures="0" tests="1" name="testcase.Flipkart" time="17.270" errors="0" timestamp="17 Apr 2020 03:54:36 GMT" skipped="0">
  <testcase classname="testcase.Flipkart" name="execute" time="17.270"/>
</testsuite> <!-- testcase.Flipkart -->
